0 info it worked if it ends with ok
1 verbose cli [ 'C:\\Program Files\\nodejs\\node.exe',
1 verbose cli   'C:\\Program Files\\nodejs\\node_modules\\npm\\bin\\npm-cli.js',
1 verbose cli   'i',
1 verbose cli   'react-elastic-carousle',
1 verbose cli   '-D' ]
2 info using npm@3.10.10
3 info using node@v6.10.1
4 silly loadCurrentTree Starting
5 silly install loadCurrentTree
6 silly install readLocalPackageData
7 silly fetchPackageMetaData react-elastic-carousle
8 silly fetchNamedPackageData react-elastic-carousle
9 silly mapToRegistry name react-elastic-carousle
10 silly mapToRegistry using default registry
11 silly mapToRegistry registry https://registry.npmjs.org/
12 silly mapToRegistry data Result {
12 silly mapToRegistry   raw: 'react-elastic-carousle',
12 silly mapToRegistry   scope: null,
12 silly mapToRegistry   escapedName: 'react-elastic-carousle',
12 silly mapToRegistry   name: 'react-elastic-carousle',
12 silly mapToRegistry   rawSpec: '',
12 silly mapToRegistry   spec: 'latest',
12 silly mapToRegistry   type: 'tag' }
13 silly mapToRegistry uri https://registry.npmjs.org/react-elastic-carousle
14 verbose request uri https://registry.npmjs.org/react-elastic-carousle
15 verbose request no auth needed
16 info attempt registry request try #1 at 7:51:04 PM
17 verbose request id f7264159d3d3f094
18 http request GET https://registry.npmjs.org/react-elastic-carousle
19 http 404 https://registry.npmjs.org/react-elastic-carousle
20 verbose headers { date: 'Fri, 29 Apr 2022 09:51:04 GMT',
20 verbose headers   'content-type': 'application/json',
20 verbose headers   'content-length': '21',
20 verbose headers   connection: 'keep-alive',
20 verbose headers   'cf-ray': '7037230e2e81aaf0-SYD',
20 verbose headers   vary: 'Accept-Encoding',
20 verbose headers   'expect-ct': 'max-age=604800, report-uri="https://report-uri.cloudflare.com/cdn-cgi/beacon/expect-ct"',
20 verbose headers   server: 'cloudflare' }
21 silly get cb [ 404,
21 silly get   { date: 'Fri, 29 Apr 2022 09:51:04 GMT',
21 silly get     'content-type': 'application/json',
21 silly get     'content-length': '21',
21 silly get     connection: 'keep-alive',
21 silly get     'cf-ray': '7037230e2e81aaf0-SYD',
21 silly get     vary: 'Accept-Encoding',
21 silly get     'expect-ct': 'max-age=604800, report-uri="https://report-uri.cloudflare.com/cdn-cgi/beacon/expect-ct"',
21 silly get     server: 'cloudflare' } ]
22 silly fetchPackageMetaData Error: Not found : react-elastic-carousle
22 silly fetchPackageMetaData     at makeError (C:\ProgramData\nvm\v6.10.1\node_modules\npm\node_modules\npm-registry-client\lib\request.js:302:12)
22 silly fetchPackageMetaData     at CachingRegistryClient.<anonymous> (C:\ProgramData\nvm\v6.10.1\node_modules\npm\node_modules\npm-registry-client\lib\request.js:290:14)
22 silly fetchPackageMetaData     at Request._callback (C:\ProgramData\nvm\v6.10.1\node_modules\npm\node_modules\npm-registry-client\lib\request.js:210:14)
22 silly fetchPackageMetaData     at Request.self.callback (C:\ProgramData\nvm\v6.10.1\node_modules\npm\node_modules\request\request.js:187:22)
22 silly fetchPackageMetaData     at emitTwo (events.js:106:13)
22 silly fetchPackageMetaData     at Request.emit (events.js:191:7)
22 silly fetchPackageMetaData     at Request.<anonymous> (C:\ProgramData\nvm\v6.10.1\node_modules\npm\node_modules\request\request.js:1048:10)
22 silly fetchPackageMetaData     at emitOne (events.js:96:13)
22 silly fetchPackageMetaData     at Request.emit (events.js:188:7)
22 silly fetchPackageMetaData     at IncomingMessage.<anonymous> (C:\ProgramData\nvm\v6.10.1\node_modules\npm\node_modules\request\request.js:969:12)
22 silly fetchPackageMetaData  error for react-elastic-carousle { Error: Not found : react-elastic-carousle
22 silly fetchPackageMetaData     at makeError (C:\ProgramData\nvm\v6.10.1\node_modules\npm\node_modules\npm-registry-client\lib\request.js:302:12)
22 silly fetchPackageMetaData     at CachingRegistryClient.<anonymous> (C:\ProgramData\nvm\v6.10.1\node_modules\npm\node_modules\npm-registry-client\lib\request.js:290:14)
22 silly fetchPackageMetaData     at Request._callback (C:\ProgramData\nvm\v6.10.1\node_modules\npm\node_modules\npm-registry-client\lib\request.js:210:14)
22 silly fetchPackageMetaData     at Request.self.callback (C:\ProgramData\nvm\v6.10.1\node_modules\npm\node_modules\request\request.js:187:22)
22 silly fetchPackageMetaData     at emitTwo (events.js:106:13)
22 silly fetchPackageMetaData     at Request.emit (events.js:191:7)
22 silly fetchPackageMetaData     at Request.<anonymous> (C:\ProgramData\nvm\v6.10.1\node_modules\npm\node_modules\request\request.js:1048:10)
22 silly fetchPackageMetaData     at emitOne (events.js:96:13)
22 silly fetchPackageMetaData     at Request.emit (events.js:188:7)
22 silly fetchPackageMetaData     at IncomingMessage.<anonymous> (C:\ProgramData\nvm\v6.10.1\node_modules\npm\node_modules\request\request.js:969:12)
22 silly fetchPackageMetaData   pkgid: 'react-elastic-carousle',
22 silly fetchPackageMetaData   statusCode: 404,
22 silly fetchPackageMetaData   code: 'E404' }
23 silly rollbackFailedOptional Starting
24 silly rollbackFailedOptional Finishing
25 silly runTopLevelLifecycles Finishing
26 silly install printInstalled
27 verbose stack Error: Not found : react-elastic-carousle
27 verbose stack     at makeError (C:\ProgramData\nvm\v6.10.1\node_modules\npm\node_modules\npm-registry-client\lib\request.js:302:12)
27 verbose stack     at CachingRegistryClient.<anonymous> (C:\ProgramData\nvm\v6.10.1\node_modules\npm\node_modules\npm-registry-client\lib\request.js:290:14)
27 verbose stack     at Request._callback (C:\ProgramData\nvm\v6.10.1\node_modules\npm\node_modules\npm-registry-client\lib\request.js:210:14)
27 verbose stack     at Request.self.callback (C:\ProgramData\nvm\v6.10.1\node_modules\npm\node_modules\request\request.js:187:22)
27 verbose stack     at emitTwo (events.js:106:13)
27 verbose stack     at Request.emit (events.js:191:7)
27 verbose stack     at Request.<anonymous> (C:\ProgramData\nvm\v6.10.1\node_modules\npm\node_modules\request\request.js:1048:10)
27 verbose stack     at emitOne (events.js:96:13)
27 verbose stack     at Request.emit (events.js:188:7)
27 verbose stack     at IncomingMessage.<anonymous> (C:\ProgramData\nvm\v6.10.1\node_modules\npm\node_modules\request\request.js:969:12)
28 verbose statusCode 404
29 verbose pkgid react-elastic-carousle
30 verbose cwd C:\NETMEK\clients\Guardian\20220412_Kyndryl_immersive\dev
31 error Windows_NT 10.0.19042
32 error argv "C:\\Program Files\\nodejs\\node.exe" "C:\\Program Files\\nodejs\\node_modules\\npm\\bin\\npm-cli.js" "i" "react-elastic-carousle" "-D"
33 error node v6.10.1
34 error npm  v3.10.10
35 error code E404
36 error 404 Not found : react-elastic-carousle
37 error 404
38 error 404 'react-elastic-carousle' is not in the npm registry.
39 error 404 You should bug the author to publish it (or use the name yourself!)
40 error 404 Note that you can also install from a
41 error 404 tarball, folder, http url, or git url.
42 verbose exit [ 1, true ]
